  [1m[36m (1.6ms)[0m  [1mCREATE TABLE "schema_migrations" ("version" varchar(255) NOT NULL) [0m
  [1m[35m (0.1ms)[0m  select sqlite_version(*)
  [1m[36m (1.2ms)[0m  [1mCREATE UNIQUE INDEX "unique_schema_migrations" ON "schema_migrations" ("version")[0m
  [1m[35mActiveRecord::SchemaMigration Load (0.1ms)[0m  SELECT "schema_migrations".* FROM "schema_migrations"
Migrating to CreateProducts (20140816135310)
  [1m[36m (0.1ms)[0m  [1mbegin transaction[0m
  [1m[35m (0.5ms)[0m  CREATE TABLE "products" ("id" INTEGER PRIMARY KEY AUTOINCREMENT NOT NULL, "title" varchar(255), "price" decimal(8,2), "description" text, "image_url" varchar(255), "created_at" datetime, "updated_at" datetime) 
  [1m[36mSQL (0.2ms)[0m  [1mINSERT INTO "schema_migrations" ("version") VALUES (?)[0m  [["version", "20140816135310"]]
  [1m[35m (1.3ms)[0m  commit transaction
  [1m[36mActiveRecord::SchemaMigration Load (0.2ms)[0m  [1mSELECT "schema_migrations".* FROM "schema_migrations"[0m


Started GET "/" for 127.0.0.1 at 2014-08-16 07:57:50 -0600
  [1m[36mActiveRecord::SchemaMigration Load (0.4ms)[0m  [1mSELECT "schema_migrations".* FROM "schema_migrations"[0m
Processing by Rails::WelcomeController#index as HTML
  Rendered /Users/cullenjett/.rvm/gems/ruby-2.1.1/gems/railties-4.1.1/lib/rails/templates/rails/welcome/index.html.erb (3.7ms)
Completed 200 OK in 83ms (Views: 55.3ms | ActiveRecord: 0.0ms)


Started GET "/products" for 127.0.0.1 at 2014-08-16 07:57:57 -0600
Processing by ProductsController#index as HTML
  [1m[35mProduct Load (19.0ms)[0m  SELECT "products".* FROM "products"
  Rendered products/index.html.erb within layouts/application (21.4ms)
Completed 200 OK in 1200ms (Views: 1160.1ms | ActiveRecord: 19.0ms)


Started GET "/assets/products.css?body=1" for 127.0.0.1 at 2014-08-16 07:57:58 -0600


Started GET "/assets/scaffolds.css?body=1" for 127.0.0.1 at 2014-08-16 07:57:58 -0600


Started GET "/assets/products.js?body=1" for 127.0.0.1 at 2014-08-16 07:57:58 -0600


Started GET "/assets/jquery.js?body=1" for 127.0.0.1 at 2014-08-16 07:57:58 -0600


Started GET "/assets/jquery_ujs.js?body=1" for 127.0.0.1 at 2014-08-16 07:57:58 -0600


Started GET "/assets/application.css?body=1" for 127.0.0.1 at 2014-08-16 07:57:58 -0600


Started GET "/assets/turbolinks.js?body=1" for 127.0.0.1 at 2014-08-16 07:57:58 -0600


Started GET "/assets/application.js?body=1" for 127.0.0.1 at 2014-08-16 07:57:58 -0600


Started GET "/products/new" for 127.0.0.1 at 2014-08-16 07:58:00 -0600
Processing by ProductsController#new as HTML
  Rendered products/_form.html.erb (143.9ms)
  Rendered products/new.html.erb within layouts/application (173.2ms)
Completed 200 OK in 191ms (Views: 188.1ms | ActiveRecord: 0.5ms)


Started POST "/products" for 127.0.0.1 at 2014-08-16 07:58:48 -0600
Processing by ProductsController#create as HTML
  Parameters: {"utf8"=>"✓", "authenticity_token"=>"tPpNmbpJLXTuSjBivkUMTYXtiLfNZWfgJlHufg0Bsx4=", "product"=>{"title"=>"Green Grapes (1 bunch)", "price"=>"2.00", "description"=>"1 bunch of approximately 80 green grapes.", "image_url"=>"green_grapes.jpg"}, "commit"=>"Create Product"}
  [1m[36m (0.2ms)[0m  [1mbegin transaction[0m
  [1m[35mSQL (12.6ms)[0m  INSERT INTO "products" ("created_at", "description", "image_url", "price", "title", "updated_at") VALUES (?, ?, ?, ?, ?, ?)  [["created_at", "2014-08-16 13:58:48.813491"], ["description", "1 bunch of approximately 80 green grapes."], ["image_url", "green_grapes.jpg"], ["price", 2.0], ["title", "Green Grapes (1 bunch)"], ["updated_at", "2014-08-16 13:58:48.813491"]]
  [1m[36m (8.7ms)[0m  [1mcommit transaction[0m
Redirected to http://localhost:3000/products/1
Completed 302 Found in 55ms (ActiveRecord: 21.4ms)


Started GET "/products/1" for 127.0.0.1 at 2014-08-16 07:58:48 -0600
Processing by ProductsController#show as HTML
  Parameters: {"id"=>"1"}
  [1m[35mProduct Load (0.2ms)[0m  SELECT  "products".* FROM "products"  WHERE "products"."id" = ? LIMIT 1  [["id", 1]]
  Rendered products/show.html.erb within layouts/application (1.3ms)
Completed 200 OK in 27ms (Views: 24.7ms | ActiveRecord: 0.2ms)


Started GET "/assets/scaffolds.css?body=1" for 127.0.0.1 at 2014-08-16 07:58:49 -0600


Started GET "/assets/products.css?body=1" for 127.0.0.1 at 2014-08-16 07:58:49 -0600


Started GET "/assets/application.css?body=1" for 127.0.0.1 at 2014-08-16 07:58:49 -0600


Started GET "/assets/products.js?body=1" for 127.0.0.1 at 2014-08-16 07:58:49 -0600


Started GET "/assets/jquery.js?body=1" for 127.0.0.1 at 2014-08-16 07:58:49 -0600


Started GET "/assets/turbolinks.js?body=1" for 127.0.0.1 at 2014-08-16 07:58:49 -0600


Started GET "/assets/application.js?body=1" for 127.0.0.1 at 2014-08-16 07:58:49 -0600


Started GET "/assets/jquery_ujs.js?body=1" for 127.0.0.1 at 2014-08-16 07:58:49 -0600


Started GET "/products" for 127.0.0.1 at 2014-08-16 07:58:54 -0600
Processing by ProductsController#index as HTML
  [1m[36mProduct Load (0.2ms)[0m  [1mSELECT "products".* FROM "products"[0m
  Rendered products/index.html.erb within layouts/application (3.1ms)
Completed 200 OK in 12ms (Views: 11.2ms | ActiveRecord: 0.2ms)


Started GET "/products/new" for 127.0.0.1 at 2014-08-16 07:58:56 -0600
Processing by ProductsController#new as HTML
  Rendered products/_form.html.erb (3.9ms)
  Rendered products/new.html.erb within layouts/application (5.5ms)
Completed 200 OK in 13ms (Views: 12.1ms | ActiveRecord: 0.0ms)


Started POST "/products" for 127.0.0.1 at 2014-08-16 07:59:24 -0600
Processing by ProductsController#create as HTML
  Parameters: {"utf8"=>"✓", "authenticity_token"=>"tPpNmbpJLXTuSjBivkUMTYXtiLfNZWfgJlHufg0Bsx4=", "product"=>{"title"=>"Purple Grapes (1 bunch)", "price"=>"2.25", "description"=>"1 bunch of approximately 90 purple grapes.", "image_url"=>"purple_grapes.jpg"}, "commit"=>"Create Product"}
  [1m[35m (0.1ms)[0m  begin transaction
  [1m[36mSQL (0.3ms)[0m  [1mINSERT INTO "products" ("created_at", "description", "image_url", "price", "title", "updated_at") VALUES (?, ?, ?, ?, ?, ?)[0m  [["created_at", "2014-08-16 13:59:24.962572"], ["description", "1 bunch of approximately 90 purple grapes."], ["image_url", "purple_grapes.jpg"], ["price", 2.25], ["title", "Purple Grapes (1 bunch)"], ["updated_at", "2014-08-16 13:59:24.962572"]]
  [1m[35m (1.2ms)[0m  commit transaction
Redirected to http://localhost:3000/products/2
Completed 302 Found in 7ms (ActiveRecord: 1.6ms)


Started GET "/products/2" for 127.0.0.1 at 2014-08-16 07:59:24 -0600
Processing by ProductsController#show as HTML
  Parameters: {"id"=>"2"}
  [1m[36mProduct Load (0.1ms)[0m  [1mSELECT  "products".* FROM "products"  WHERE "products"."id" = ? LIMIT 1[0m  [["id", 2]]
  Rendered products/show.html.erb within layouts/application (12.6ms)
Completed 200 OK in 18ms (Views: 16.5ms | ActiveRecord: 0.1ms)


Started GET "/assets/products.css?body=1" for 127.0.0.1 at 2014-08-16 07:59:25 -0600


Started GET "/assets/scaffolds.css?body=1" for 127.0.0.1 at 2014-08-16 07:59:25 -0600


Started GET "/assets/turbolinks.js?body=1" for 127.0.0.1 at 2014-08-16 07:59:25 -0600


Started GET "/assets/application.css?body=1" for 127.0.0.1 at 2014-08-16 07:59:25 -0600


Started GET "/assets/jquery_ujs.js?body=1" for 127.0.0.1 at 2014-08-16 07:59:25 -0600


Started GET "/assets/jquery.js?body=1" for 127.0.0.1 at 2014-08-16 07:59:25 -0600


Started GET "/assets/products.js?body=1" for 127.0.0.1 at 2014-08-16 07:59:25 -0600


Started GET "/assets/application.js?body=1" for 127.0.0.1 at 2014-08-16 07:59:25 -0600


Started GET "/products" for 127.0.0.1 at 2014-08-16 07:59:35 -0600
Processing by ProductsController#index as HTML
  [1m[35mProduct Load (0.2ms)[0m  SELECT "products".* FROM "products"
  Rendered products/index.html.erb within layouts/application (2.8ms)
Completed 200 OK in 11ms (Views: 9.9ms | ActiveRecord: 0.2ms)


Started GET "/products" for 127.0.0.1 at 2014-08-16 08:04:31 -0600
Processing by ProductsController#index as HTML
  [1m[36mProduct Load (0.2ms)[0m  [1mSELECT "products".* FROM "products"[0m
  Rendered products/index.html.erb within layouts/application (1.7ms)
Completed 200 OK in 7ms (Views: 6.2ms | ActiveRecord: 0.2ms)


Started GET "/assets/products.css?body=1" for 127.0.0.1 at 2014-08-16 08:04:31 -0600


Started GET "/assets/application.css?body=1" for 127.0.0.1 at 2014-08-16 08:04:31 -0600


Started GET "/assets/turbolinks.js?body=1" for 127.0.0.1 at 2014-08-16 08:04:32 -0600


Started GET "/assets/scaffolds.css?body=1" for 127.0.0.1 at 2014-08-16 08:04:32 -0600


Started GET "/assets/jquery.js?body=1" for 127.0.0.1 at 2014-08-16 08:04:32 -0600


Started GET "/assets/jquery_ujs.js?body=1" for 127.0.0.1 at 2014-08-16 08:04:32 -0600


Started GET "/assets/products.js?body=1" for 127.0.0.1 at 2014-08-16 08:04:32 -0600


Started GET "/assets/application.js?body=1" for 127.0.0.1 at 2014-08-16 08:04:32 -0600


Started GET "/products/new" for 127.0.0.1 at 2014-08-16 08:04:50 -0600
Processing by ProductsController#new as HTML
  Rendered products/_form.html.erb (3.7ms)
  Rendered products/new.html.erb within layouts/application (4.9ms)
Completed 200 OK in 12ms (Views: 11.4ms | ActiveRecord: 0.0ms)


Started GET "/products/new" for 127.0.0.1 at 2014-08-16 08:07:34 -0600
Processing by ProductsController#new as HTML
  Rendered products/_form.html.erb (3.1ms)
  Rendered products/new.html.erb within layouts/application (4.2ms)
Completed 200 OK in 300ms (Views: 298.8ms | ActiveRecord: 0.0ms)


Started GET "/assets/jumpstart_styles.css?body=1" for 127.0.0.1 at 2014-08-16 08:07:34 -0600


Started GET "/assets/products.css?body=1" for 127.0.0.1 at 2014-08-16 08:07:34 -0600


Started GET "/assets/scaffolds.css?body=1" for 127.0.0.1 at 2014-08-16 08:07:34 -0600


Started GET "/assets/jquery.js?body=1" for 127.0.0.1 at 2014-08-16 08:07:34 -0600


Started GET "/assets/application.css?body=1" for 127.0.0.1 at 2014-08-16 08:07:34 -0600


Started GET "/assets/jquery_ujs.js?body=1" for 127.0.0.1 at 2014-08-16 08:07:34 -0600


Started GET "/assets/turbolinks.js?body=1" for 127.0.0.1 at 2014-08-16 08:07:34 -0600


Started GET "/assets/products.js?body=1" for 127.0.0.1 at 2014-08-16 08:07:34 -0600


Started GET "/assets/application.js?body=1" for 127.0.0.1 at 2014-08-16 08:07:34 -0600


Started GET "/products" for 127.0.0.1 at 2014-08-16 08:09:27 -0600
Processing by ProductsController#index as HTML
  [1m[35mProduct Load (0.2ms)[0m  SELECT "products".* FROM "products"
  Rendered products/index.html.erb within layouts/application (4.2ms)
Completed 200 OK in 23ms (Views: 21.4ms | ActiveRecord: 0.2ms)


Started GET "/assets/jumpstart_styles.css?body=1" for 127.0.0.1 at 2014-08-16 08:09:27 -0600


Started GET "/assets/scaffolds.css?body=1" for 127.0.0.1 at 2014-08-16 08:09:27 -0600


Started GET "/assets/products.css?body=1" for 127.0.0.1 at 2014-08-16 08:09:27 -0600


Started GET "/assets/application.css?body=1" for 127.0.0.1 at 2014-08-16 08:09:27 -0600


Started GET "/assets/jquery.js?body=1" for 127.0.0.1 at 2014-08-16 08:09:27 -0600


Started GET "/assets/jquery_ujs.js?body=1" for 127.0.0.1 at 2014-08-16 08:09:27 -0600


Started GET "/assets/turbolinks.js?body=1" for 127.0.0.1 at 2014-08-16 08:09:27 -0600


Started GET "/assets/products.js?body=1" for 127.0.0.1 at 2014-08-16 08:09:27 -0600


Started GET "/assets/application.js?body=1" for 127.0.0.1 at 2014-08-16 08:09:27 -0600


Started GET "/products" for 127.0.0.1 at 2014-08-16 08:10:54 -0600
Processing by ProductsController#index as HTML
  [1m[36mProduct Load (0.2ms)[0m  [1mSELECT "products".* FROM "products"[0m
  Rendered products/index.html.erb within layouts/application (6.0ms)
Completed 200 OK in 16ms (Views: 15.2ms | ActiveRecord: 0.1ms)


Started GET "/assets/jumpstart_styles.css?body=1" for 127.0.0.1 at 2014-08-16 08:10:54 -0600


Started GET "/assets/products.css?body=1" for 127.0.0.1 at 2014-08-16 08:10:54 -0600


Started GET "/assets/scaffolds.css?body=1" for 127.0.0.1 at 2014-08-16 08:10:54 -0600


Started GET "/assets/jquery_ujs.js?body=1" for 127.0.0.1 at 2014-08-16 08:10:54 -0600


Started GET "/assets/jquery.js?body=1" for 127.0.0.1 at 2014-08-16 08:10:54 -0600


Started GET "/assets/application.css?body=1" for 127.0.0.1 at 2014-08-16 08:10:54 -0600


Started GET "/assets/turbolinks.js?body=1" for 127.0.0.1 at 2014-08-16 08:10:54 -0600


Started GET "/assets/products.js?body=1" for 127.0.0.1 at 2014-08-16 08:10:54 -0600


Started GET "/assets/application.js?body=1" for 127.0.0.1 at 2014-08-16 08:10:54 -0600


Started GET "/images/products/green_grapes.jpg" for 127.0.0.1 at 2014-08-16 08:10:54 -0600

ActionController::RoutingError (No route matches [GET] "/images/products/green_grapes.jpg"):
  actionpack (4.1.1) lib/action_dispatch/middleware/debug_exceptions.rb:21:in `call'
  actionpack (4.1.1) lib/action_dispatch/middleware/show_exceptions.rb:30:in `call'
  railties (4.1.1) lib/rails/rack/logger.rb:38:in `call_app'
  railties (4.1.1) lib/rails/rack/logger.rb:20:in `block in call'
  activesupport (4.1.1) lib/active_support/tagged_logging.rb:68:in `block in tagged'
  activesupport (4.1.1) lib/active_support/tagged_logging.rb:26:in `tagged'
  activesupport (4.1.1) lib/active_support/tagged_logging.rb:68:in `tagged'
  railties (4.1.1) lib/rails/rack/logger.rb:20:in `call'
  actionpack (4.1.1) lib/action_dispatch/middleware/request_id.rb:21:in `call'
  rack (1.5.2) lib/rack/methodoverride.rb:21:in `call'
  rack (1.5.2) lib/rack/runtime.rb:17:in `call'
  activesupport (4.1.1) lib/active_support/cache/strategy/local_cache_middleware.rb:26:in `call'
  rack (1.5.2) lib/rack/lock.rb:17:in `call'
  actionpack (4.1.1) lib/action_dispatch/middleware/static.rb:64:in `call'
  rack (1.5.2) lib/rack/sendfile.rb:112:in `call'
  railties (4.1.1) lib/rails/engine.rb:514:in `call'
  railties (4.1.1) lib/rails/application.rb:144:in `call'
  rack (1.5.2) lib/rack/lock.rb:17:in `call'
  rack (1.5.2) lib/rack/content_length.rb:14:in `call'
  rack (1.5.2) lib/rack/handler/webrick.rb:60:in `service'
  /Users/cullenjett/.rvm/rubies/ruby-2.1.1/lib/ruby/2.1.0/webrick/httpserver.rb:138:in `service'
  /Users/cullenjett/.rvm/rubies/ruby-2.1.1/lib/ruby/2.1.0/webrick/httpserver.rb:94:in `run'
  /Users/cullenjett/.rvm/rubies/ruby-2.1.1/lib/ruby/2.1.0/webrick/server.rb:295:in `block in start_thread'


  Rendered /Users/cullenjett/.rvm/gems/ruby-2.1.1/gems/actionpack-4.1.1/lib/action_dispatch/middleware/templates/rescues/_trace.html.erb (1.1ms)
  Rendered /Users/cullenjett/.rvm/gems/ruby-2.1.1/gems/actionpack-4.1.1/lib/action_dispatch/middleware/templates/routes/_route.html.erb (1.6ms)
  Rendered /Users/cullenjett/.rvm/gems/ruby-2.1.1/gems/actionpack-4.1.1/lib/action_dispatch/middleware/templates/routes/_table.html.erb (5.7ms)
  Rendered /Users/cullenjett/.rvm/gems/ruby-2.1.1/gems/actionpack-4.1.1/lib/action_dispatch/middleware/templates/rescues/routing_error.html.erb within rescues/layout (44.8ms)


Started GET "/images/products/purple_grapes.jpg" for 127.0.0.1 at 2014-08-16 08:10:54 -0600

ActionController::RoutingError (No route matches [GET] "/images/products/purple_grapes.jpg"):
  actionpack (4.1.1) lib/action_dispatch/middleware/debug_exceptions.rb:21:in `call'
  actionpack (4.1.1) lib/action_dispatch/middleware/show_exceptions.rb:30:in `call'
  railties (4.1.1) lib/rails/rack/logger.rb:38:in `call_app'
  railties (4.1.1) lib/rails/rack/logger.rb:20:in `block in call'
  activesupport (4.1.1) lib/active_support/tagged_logging.rb:68:in `block in tagged'
  activesupport (4.1.1) lib/active_support/tagged_logging.rb:26:in `tagged'
  activesupport (4.1.1) lib/active_support/tagged_logging.rb:68:in `tagged'
  railties (4.1.1) lib/rails/rack/logger.rb:20:in `call'
  actionpack (4.1.1) lib/action_dispatch/middleware/request_id.rb:21:in `call'
  rack (1.5.2) lib/rack/methodoverride.rb:21:in `call'
  rack (1.5.2) lib/rack/runtime.rb:17:in `call'
  activesupport (4.1.1) lib/active_support/cache/strategy/local_cache_middleware.rb:26:in `call'
  rack (1.5.2) lib/rack/lock.rb:17:in `call'
  actionpack (4.1.1) lib/action_dispatch/middleware/static.rb:64:in `call'
  rack (1.5.2) lib/rack/sendfile.rb:112:in `call'
  railties (4.1.1) lib/rails/engine.rb:514:in `call'
  railties (4.1.1) lib/rails/application.rb:144:in `call'
  rack (1.5.2) lib/rack/lock.rb:17:in `call'
  rack (1.5.2) lib/rack/content_length.rb:14:in `call'
  rack (1.5.2) lib/rack/handler/webrick.rb:60:in `service'
  /Users/cullenjett/.rvm/rubies/ruby-2.1.1/lib/ruby/2.1.0/webrick/httpserver.rb:138:in `service'
  /Users/cullenjett/.rvm/rubies/ruby-2.1.1/lib/ruby/2.1.0/webrick/httpserver.rb:94:in `run'
  /Users/cullenjett/.rvm/rubies/ruby-2.1.1/lib/ruby/2.1.0/webrick/server.rb:295:in `block in start_thread'


  Rendered /Users/cullenjett/.rvm/gems/ruby-2.1.1/gems/actionpack-4.1.1/lib/action_dispatch/middleware/templates/rescues/_trace.html.erb (2.0ms)
  Rendered /Users/cullenjett/.rvm/gems/ruby-2.1.1/gems/actionpack-4.1.1/lib/action_dispatch/middleware/templates/routes/_route.html.erb (1.3ms)
  Rendered /Users/cullenjett/.rvm/gems/ruby-2.1.1/gems/actionpack-4.1.1/lib/action_dispatch/middleware/templates/routes/_table.html.erb (1.2ms)
  Rendered /Users/cullenjett/.rvm/gems/ruby-2.1.1/gems/actionpack-4.1.1/lib/action_dispatch/middleware/templates/rescues/routing_error.html.erb within rescues/layout (29.2ms)


Started GET "/products" for 127.0.0.1 at 2014-08-16 08:12:11 -0600
Processing by ProductsController#index as HTML
  [1m[35mProduct Load (0.1ms)[0m  SELECT "products".* FROM "products"
  Rendered products/index.html.erb within layouts/application (5.8ms)
Completed 200 OK in 11ms (Views: 10.0ms | ActiveRecord: 0.1ms)


Started GET "/assets/jumpstart_styles.css?body=1" for 127.0.0.1 at 2014-08-16 08:12:11 -0600


Started GET "/assets/application.css?body=1" for 127.0.0.1 at 2014-08-16 08:12:11 -0600


Started GET "/assets/products.css?body=1" for 127.0.0.1 at 2014-08-16 08:12:11 -0600


Started GET "/assets/scaffolds.css?body=1" for 127.0.0.1 at 2014-08-16 08:12:11 -0600


Started GET "/assets/jquery.js?body=1" for 127.0.0.1 at 2014-08-16 08:12:11 -0600


Started GET "/assets/jquery_ujs.js?body=1" for 127.0.0.1 at 2014-08-16 08:12:11 -0600


Started GET "/assets/turbolinks.js?body=1" for 127.0.0.1 at 2014-08-16 08:12:11 -0600


Started GET "/assets/products.js?body=1" for 127.0.0.1 at 2014-08-16 08:12:11 -0600


Started GET "/assets/application.js?body=1" for 127.0.0.1 at 2014-08-16 08:12:11 -0600


Started GET "/images/products/green_grapes.jpg" for 127.0.0.1 at 2014-08-16 08:12:11 -0600

ActionController::RoutingError (No route matches [GET] "/images/products/green_grapes.jpg"):
  actionpack (4.1.1) lib/action_dispatch/middleware/debug_exceptions.rb:21:in `call'
  actionpack (4.1.1) lib/action_dispatch/middleware/show_exceptions.rb:30:in `call'
  railties (4.1.1) lib/rails/rack/logger.rb:38:in `call_app'
  railties (4.1.1) lib/rails/rack/logger.rb:20:in `block in call'
  activesupport (4.1.1) lib/active_support/tagged_logging.rb:68:in `block in tagged'
  activesupport (4.1.1) lib/active_support/tagged_logging.rb:26:in `tagged'
  activesupport (4.1.1) lib/active_support/tagged_logging.rb:68:in `tagged'
  railties (4.1.1) lib/rails/rack/logger.rb:20:in `call'
  actionpack (4.1.1) lib/action_dispatch/middleware/request_id.rb:21:in `call'
  rack (1.5.2) lib/rack/methodoverride.rb:21:in `call'
  rack (1.5.2) lib/rack/runtime.rb:17:in `call'
  activesupport (4.1.1) lib/active_support/cache/strategy/local_cache_middleware.rb:26:in `call'
  rack (1.5.2) lib/rack/lock.rb:17:in `call'
  actionpack (4.1.1) lib/action_dispatch/middleware/static.rb:64:in `call'
  rack (1.5.2) lib/rack/sendfile.rb:112:in `call'
  railties (4.1.1) lib/rails/engine.rb:514:in `call'
  railties (4.1.1) lib/rails/application.rb:144:in `call'
  rack (1.5.2) lib/rack/lock.rb:17:in `call'
  rack (1.5.2) lib/rack/content_length.rb:14:in `call'
  rack (1.5.2) lib/rack/handler/webrick.rb:60:in `service'
  /Users/cullenjett/.rvm/rubies/ruby-2.1.1/lib/ruby/2.1.0/webrick/httpserver.rb:138:in `service'
  /Users/cullenjett/.rvm/rubies/ruby-2.1.1/lib/ruby/2.1.0/webrick/httpserver.rb:94:in `run'
  /Users/cullenjett/.rvm/rubies/ruby-2.1.1/lib/ruby/2.1.0/webrick/server.rb:295:in `block in start_thread'


  Rendered /Users/cullenjett/.rvm/gems/ruby-2.1.1/gems/actionpack-4.1.1/lib/action_dispatch/middleware/templates/rescues/_trace.html.erb (1.8ms)
  Rendered /Users/cullenjett/.rvm/gems/ruby-2.1.1/gems/actionpack-4.1.1/lib/action_dispatch/middleware/templates/routes/_route.html.erb (1.9ms)
  Rendered /Users/cullenjett/.rvm/gems/ruby-2.1.1/gems/actionpack-4.1.1/lib/action_dispatch/middleware/templates/routes/_table.html.erb (1.7ms)
  Rendered /Users/cullenjett/.rvm/gems/ruby-2.1.1/gems/actionpack-4.1.1/lib/action_dispatch/middleware/templates/rescues/routing_error.html.erb within rescues/layout (27.3ms)


Started GET "/images/products/purple_grapes.jpg" for 127.0.0.1 at 2014-08-16 08:12:11 -0600

ActionController::RoutingError (No route matches [GET] "/images/products/purple_grapes.jpg"):
  actionpack (4.1.1) lib/action_dispatch/middleware/debug_exceptions.rb:21:in `call'
  actionpack (4.1.1) lib/action_dispatch/middleware/show_exceptions.rb:30:in `call'
  railties (4.1.1) lib/rails/rack/logger.rb:38:in `call_app'
  railties (4.1.1) lib/rails/rack/logger.rb:20:in `block in call'
  activesupport (4.1.1) lib/active_support/tagged_logging.rb:68:in `block in tagged'
  activesupport (4.1.1) lib/active_support/tagged_logging.rb:26:in `tagged'
  activesupport (4.1.1) lib/active_support/tagged_logging.rb:68:in `tagged'
  railties (4.1.1) lib/rails/rack/logger.rb:20:in `call'
  actionpack (4.1.1) lib/action_dispatch/middleware/request_id.rb:21:in `call'
  rack (1.5.2) lib/rack/methodoverride.rb:21:in `call'
  rack (1.5.2) lib/rack/runtime.rb:17:in `call'
  activesupport (4.1.1) lib/active_support/cache/strategy/local_cache_middleware.rb:26:in `call'
  rack (1.5.2) lib/rack/lock.rb:17:in `call'
  actionpack (4.1.1) lib/action_dispatch/middleware/static.rb:64:in `call'
  rack (1.5.2) lib/rack/sendfile.rb:112:in `call'
  railties (4.1.1) lib/rails/engine.rb:514:in `call'
  railties (4.1.1) lib/rails/application.rb:144:in `call'
  rack (1.5.2) lib/rack/lock.rb:17:in `call'
  rack (1.5.2) lib/rack/content_length.rb:14:in `call'
  rack (1.5.2) lib/rack/handler/webrick.rb:60:in `service'
  /Users/cullenjett/.rvm/rubies/ruby-2.1.1/lib/ruby/2.1.0/webrick/httpserver.rb:138:in `service'
  /Users/cullenjett/.rvm/rubies/ruby-2.1.1/lib/ruby/2.1.0/webrick/httpserver.rb:94:in `run'
  /Users/cullenjett/.rvm/rubies/ruby-2.1.1/lib/ruby/2.1.0/webrick/server.rb:295:in `block in start_thread'


  Rendered /Users/cullenjett/.rvm/gems/ruby-2.1.1/gems/actionpack-4.1.1/lib/action_dispatch/middleware/templates/rescues/_trace.html.erb (1.8ms)
  Rendered /Users/cullenjett/.rvm/gems/ruby-2.1.1/gems/actionpack-4.1.1/lib/action_dispatch/middleware/templates/routes/_route.html.erb (1.3ms)
  Rendered /Users/cullenjett/.rvm/gems/ruby-2.1.1/gems/actionpack-4.1.1/lib/action_dispatch/middleware/templates/routes/_table.html.erb (1.8ms)
  Rendered /Users/cullenjett/.rvm/gems/ruby-2.1.1/gems/actionpack-4.1.1/lib/action_dispatch/middleware/templates/rescues/routing_error.html.erb within rescues/layout (24.9ms)


Started GET "/products" for 127.0.0.1 at 2014-08-16 08:12:52 -0600
Processing by ProductsController#index as HTML
  [1m[36mProduct Load (0.2ms)[0m  [1mSELECT "products".* FROM "products"[0m
  Rendered products/index.html.erb within layouts/application (6.2ms)
Completed 200 OK in 12ms (Views: 11.0ms | ActiveRecord: 0.2ms)


Started GET "/assets/jumpstart_styles.css?body=1" for 127.0.0.1 at 2014-08-16 08:12:52 -0600


Started GET "/assets/products.css?body=1" for 127.0.0.1 at 2014-08-16 08:12:52 -0600


Started GET "/assets/jquery.js?body=1" for 127.0.0.1 at 2014-08-16 08:12:52 -0600


Started GET "/assets/scaffolds.css?body=1" for 127.0.0.1 at 2014-08-16 08:12:52 -0600


Started GET "/assets/application.css?body=1" for 127.0.0.1 at 2014-08-16 08:12:52 -0600


Started GET "/assets/jquery_ujs.js?body=1" for 127.0.0.1 at 2014-08-16 08:12:52 -0600


Started GET "/assets/turbolinks.js?body=1" for 127.0.0.1 at 2014-08-16 08:12:52 -0600


Started GET "/assets/products.js?body=1" for 127.0.0.1 at 2014-08-16 08:12:52 -0600


Started GET "/assets/application.js?body=1" for 127.0.0.1 at 2014-08-16 08:12:52 -0600


Started GET "/images/products/green_grapes.jpg" for 127.0.0.1 at 2014-08-16 08:12:52 -0600

ActionController::RoutingError (No route matches [GET] "/images/products/green_grapes.jpg"):
  actionpack (4.1.1) lib/action_dispatch/middleware/debug_exceptions.rb:21:in `call'
  actionpack (4.1.1) lib/action_dispatch/middleware/show_exceptions.rb:30:in `call'
  railties (4.1.1) lib/rails/rack/logger.rb:38:in `call_app'
  railties (4.1.1) lib/rails/rack/logger.rb:20:in `block in call'
  activesupport (4.1.1) lib/active_support/tagged_logging.rb:68:in `block in tagged'
  activesupport (4.1.1) lib/active_support/tagged_logging.rb:26:in `tagged'
  activesupport (4.1.1) lib/active_support/tagged_logging.rb:68:in `tagged'
  railties (4.1.1) lib/rails/rack/logger.rb:20:in `call'
  actionpack (4.1.1) lib/action_dispatch/middleware/request_id.rb:21:in `call'
  rack (1.5.2) lib/rack/methodoverride.rb:21:in `call'
  rack (1.5.2) lib/rack/runtime.rb:17:in `call'
  activesupport (4.1.1) lib/active_support/cache/strategy/local_cache_middleware.rb:26:in `call'
  rack (1.5.2) lib/rack/lock.rb:17:in `call'
  actionpack (4.1.1) lib/action_dispatch/middleware/static.rb:64:in `call'
  rack (1.5.2) lib/rack/sendfile.rb:112:in `call'
  railties (4.1.1) lib/rails/engine.rb:514:in `call'
  railties (4.1.1) lib/rails/application.rb:144:in `call'
  rack (1.5.2) lib/rack/lock.rb:17:in `call'
  rack (1.5.2) lib/rack/content_length.rb:14:in `call'
  rack (1.5.2) lib/rack/handler/webrick.rb:60:in `service'
  /Users/cullenjett/.rvm/rubies/ruby-2.1.1/lib/ruby/2.1.0/webrick/httpserver.rb:138:in `service'
  /Users/cullenjett/.rvm/rubies/ruby-2.1.1/lib/ruby/2.1.0/webrick/httpserver.rb:94:in `run'
  /Users/cullenjett/.rvm/rubies/ruby-2.1.1/lib/ruby/2.1.0/webrick/server.rb:295:in `block in start_thread'


  Rendered /Users/cullenjett/.rvm/gems/ruby-2.1.1/gems/actionpack-4.1.1/lib/action_dispatch/middleware/templates/rescues/_trace.html.erb (2.1ms)
  Rendered /Users/cullenjett/.rvm/gems/ruby-2.1.1/gems/actionpack-4.1.1/lib/action_dispatch/middleware/templates/routes/_route.html.erb (1.6ms)
  Rendered /Users/cullenjett/.rvm/gems/ruby-2.1.1/gems/actionpack-4.1.1/lib/action_dispatch/middleware/templates/routes/_table.html.erb (1.9ms)
  Rendered /Users/cullenjett/.rvm/gems/ruby-2.1.1/gems/actionpack-4.1.1/lib/action_dispatch/middleware/templates/rescues/routing_error.html.erb within rescues/layout (30.7ms)


Started GET "/images/products/purple_grapes.jpg" for 127.0.0.1 at 2014-08-16 08:12:52 -0600

ActionController::RoutingError (No route matches [GET] "/images/products/purple_grapes.jpg"):
  actionpack (4.1.1) lib/action_dispatch/middleware/debug_exceptions.rb:21:in `call'
  actionpack (4.1.1) lib/action_dispatch/middleware/show_exceptions.rb:30:in `call'
  railties (4.1.1) lib/rails/rack/logger.rb:38:in `call_app'
  railties (4.1.1) lib/rails/rack/logger.rb:20:in `block in call'
  activesupport (4.1.1) lib/active_support/tagged_logging.rb:68:in `block in tagged'
  activesupport (4.1.1) lib/active_support/tagged_logging.rb:26:in `tagged'
  activesupport (4.1.1) lib/active_support/tagged_logging.rb:68:in `tagged'
  railties (4.1.1) lib/rails/rack/logger.rb:20:in `call'
  actionpack (4.1.1) lib/action_dispatch/middleware/request_id.rb:21:in `call'
  rack (1.5.2) lib/rack/methodoverride.rb:21:in `call'
  rack (1.5.2) lib/rack/runtime.rb:17:in `call'
  activesupport (4.1.1) lib/active_support/cache/strategy/local_cache_middleware.rb:26:in `call'
  rack (1.5.2) lib/rack/lock.rb:17:in `call'
  actionpack (4.1.1) lib/action_dispatch/middleware/static.rb:64:in `call'
  rack (1.5.2) lib/rack/sendfile.rb:112:in `call'
  railties (4.1.1) lib/rails/engine.rb:514:in `call'
  railties (4.1.1) lib/rails/application.rb:144:in `call'
  rack (1.5.2) lib/rack/lock.rb:17:in `call'
  rack (1.5.2) lib/rack/content_length.rb:14:in `call'
  rack (1.5.2) lib/rack/handler/webrick.rb:60:in `service'
  /Users/cullenjett/.rvm/rubies/ruby-2.1.1/lib/ruby/2.1.0/webrick/httpserver.rb:138:in `service'
  /Users/cullenjett/.rvm/rubies/ruby-2.1.1/lib/ruby/2.1.0/webrick/httpserver.rb:94:in `run'
  /Users/cullenjett/.rvm/rubies/ruby-2.1.1/lib/ruby/2.1.0/webrick/server.rb:295:in `block in start_thread'


  Rendered /Users/cullenjett/.rvm/gems/ruby-2.1.1/gems/actionpack-4.1.1/lib/action_dispatch/middleware/templates/rescues/_trace.html.erb (1.5ms)
  Rendered /Users/cullenjett/.rvm/gems/ruby-2.1.1/gems/actionpack-4.1.1/lib/action_dispatch/middleware/templates/routes/_route.html.erb (1.6ms)
  Rendered /Users/cullenjett/.rvm/gems/ruby-2.1.1/gems/actionpack-4.1.1/lib/action_dispatch/middleware/templates/routes/_table.html.erb (1.4ms)
  Rendered /Users/cullenjett/.rvm/gems/ruby-2.1.1/gems/actionpack-4.1.1/lib/action_dispatch/middleware/templates/rescues/routing_error.html.erb within rescues/layout (22.2ms)


Started GET "/products" for 127.0.0.1 at 2014-08-16 08:13:36 -0600
Processing by ProductsController#index as HTML
  [1m[35mProduct Load (0.1ms)[0m  SELECT "products".* FROM "products"
  Rendered products/index.html.erb within layouts/application (6.1ms)
Completed 200 OK in 16ms (Views: 15.2ms | ActiveRecord: 0.1ms)


Started GET "/assets/products.css?body=1" for 127.0.0.1 at 2014-08-16 08:13:37 -0600


Started GET "/assets/jumpstart_styles.css?body=1" for 127.0.0.1 at 2014-08-16 08:13:37 -0600


Started GET "/assets/scaffolds.css?body=1" for 127.0.0.1 at 2014-08-16 08:13:37 -0600


Started GET "/assets/application.css?body=1" for 127.0.0.1 at 2014-08-16 08:13:37 -0600


Started GET "/assets/jquery.js?body=1" for 127.0.0.1 at 2014-08-16 08:13:37 -0600


Started GET "/assets/jquery_ujs.js?body=1" for 127.0.0.1 at 2014-08-16 08:13:37 -0600


Started GET "/assets/turbolinks.js?body=1" for 127.0.0.1 at 2014-08-16 08:13:37 -0600


Started GET "/assets/products.js?body=1" for 127.0.0.1 at 2014-08-16 08:13:37 -0600


Started GET "/assets/application.js?body=1" for 127.0.0.1 at 2014-08-16 08:13:37 -0600


Started GET "/assets/products/green_grapes.jpg" for 127.0.0.1 at 2014-08-16 08:13:37 -0600


Started GET "/assets/products/purple_grapes.jpg" for 127.0.0.1 at 2014-08-16 08:13:37 -0600


Started GET "/products" for 127.0.0.1 at 2014-08-16 08:14:59 -0600
Processing by ProductsController#index as HTML
  [1m[36mProduct Load (0.3ms)[0m  [1mSELECT "products".* FROM "products"[0m
  Rendered products/index.html.erb within layouts/application (6.3ms)
Completed 200 OK in 14ms (Views: 11.3ms | ActiveRecord: 0.5ms)


Started GET "/assets/jumpstart_styles.css?body=1" for 127.0.0.1 at 2014-08-16 08:15:00 -0600


Started GET "/assets/application.css?body=1" for 127.0.0.1 at 2014-08-16 08:15:00 -0600


Started GET "/assets/products.css?body=1" for 127.0.0.1 at 2014-08-16 08:15:00 -0600


Started GET "/assets/jquery.js?body=1" for 127.0.0.1 at 2014-08-16 08:15:00 -0600


Started GET "/assets/scaffolds.css?body=1" for 127.0.0.1 at 2014-08-16 08:15:00 -0600


Started GET "/assets/jquery_ujs.js?body=1" for 127.0.0.1 at 2014-08-16 08:15:00 -0600


Started GET "/assets/turbolinks.js?body=1" for 127.0.0.1 at 2014-08-16 08:15:00 -0600


Started GET "/assets/products.js?body=1" for 127.0.0.1 at 2014-08-16 08:15:00 -0600


Started GET "/assets/products/purple_grapes.jpg" for 127.0.0.1 at 2014-08-16 08:15:00 -0600


Started GET "/assets/application.js?body=1" for 127.0.0.1 at 2014-08-16 08:15:00 -0600


Started GET "/assets/products/green_grapes.jpg" for 127.0.0.1 at 2014-08-16 08:15:00 -0600


Started GET "/products" for 127.0.0.1 at 2014-08-16 08:16:08 -0600

SyntaxError (/Users/cullenjett/code/jumpstartlabs/merchant/app/helpers/products_helper.rb:3: syntax error, unexpected ',', expecting ')'
    format ("$%.2f", price"
                    ^
/Users/cullenjett/code/jumpstartlabs/merchant/app/helpers/products_helper.rb:3: unterminated string meets end of file
/Users/cullenjett/code/jumpstartlabs/merchant/app/helpers/products_helper.rb:3: syntax error, unexpected end-of-input, expecting keyword_end):
  app/controllers/application_controller.rb:1:in `<top (required)>'
  app/controllers/products_controller.rb:1:in `<top (required)>'


  Rendered /Users/cullenjett/.rvm/gems/ruby-2.1.1/gems/actionpack-4.1.1/lib/action_dispatch/middleware/templates/rescues/_source.erb (0.8ms)
  Rendered /Users/cullenjett/.rvm/gems/ruby-2.1.1/gems/actionpack-4.1.1/lib/action_dispatch/middleware/templates/rescues/_trace.html.erb (1.3ms)
  Rendered /Users/cullenjett/.rvm/gems/ruby-2.1.1/gems/actionpack-4.1.1/lib/action_dispatch/middleware/templates/rescues/_request_and_response.html.erb (1.4ms)
  Rendered /Users/cullenjett/.rvm/gems/ruby-2.1.1/gems/actionpack-4.1.1/lib/action_dispatch/middleware/templates/rescues/diagnostics.erb within rescues/layout (24.1ms)


Started GET "/products" for 127.0.0.1 at 2014-08-16 08:16:14 -0600

SyntaxError (/Users/cullenjett/code/jumpstartlabs/merchant/app/helpers/products_helper.rb:3: syntax error, unexpected ',', expecting ')'
    format ("$%.2f", price")
                    ^
/Users/cullenjett/code/jumpstartlabs/merchant/app/helpers/products_helper.rb:3: unterminated string meets end of file
/Users/cullenjett/code/jumpstartlabs/merchant/app/helpers/products_helper.rb:3: syntax error, unexpected end-of-input, expecting keyword_end):
  app/controllers/application_controller.rb:1:in `<top (required)>'
  app/controllers/products_controller.rb:1:in `<top (required)>'


  Rendered /Users/cullenjett/.rvm/gems/ruby-2.1.1/gems/actionpack-4.1.1/lib/action_dispatch/middleware/templates/rescues/_source.erb (0.6ms)
  Rendered /Users/cullenjett/.rvm/gems/ruby-2.1.1/gems/actionpack-4.1.1/lib/action_dispatch/middleware/templates/rescues/_trace.html.erb (1.3ms)
  Rendered /Users/cullenjett/.rvm/gems/ruby-2.1.1/gems/actionpack-4.1.1/lib/action_dispatch/middleware/templates/rescues/_request_and_response.html.erb (1.6ms)
  Rendered /Users/cullenjett/.rvm/gems/ruby-2.1.1/gems/actionpack-4.1.1/lib/action_dispatch/middleware/templates/rescues/diagnostics.erb within rescues/layout (15.6ms)


Started GET "/products" for 127.0.0.1 at 2014-08-16 08:16:22 -0600

SyntaxError (/Users/cullenjett/code/jumpstartlabs/merchant/app/helpers/products_helper.rb:3: syntax error, unexpected ',', expecting ')'
    format ("$%.2f", price)
                    ^):
  app/controllers/application_controller.rb:1:in `<top (required)>'
  app/controllers/products_controller.rb:1:in `<top (required)>'


  Rendered /Users/cullenjett/.rvm/gems/ruby-2.1.1/gems/actionpack-4.1.1/lib/action_dispatch/middleware/templates/rescues/_source.erb (0.6ms)
  Rendered /Users/cullenjett/.rvm/gems/ruby-2.1.1/gems/actionpack-4.1.1/lib/action_dispatch/middleware/templates/rescues/_trace.html.erb (1.2ms)
  Rendered /Users/cullenjett/.rvm/gems/ruby-2.1.1/gems/actionpack-4.1.1/lib/action_dispatch/middleware/templates/rescues/_request_and_response.html.erb (1.3ms)
  Rendered /Users/cullenjett/.rvm/gems/ruby-2.1.1/gems/actionpack-4.1.1/lib/action_dispatch/middleware/templates/rescues/diagnostics.erb within rescues/layout (15.4ms)


Started GET "/products" for 127.0.0.1 at 2014-08-16 08:16:30 -0600
Processing by ProductsController#index as HTML
  [1m[35mProduct Load (0.3ms)[0m  SELECT "products".* FROM "products"
  Rendered products/index.html.erb within layouts/application (5.4ms)
Completed 200 OK in 12ms (Views: 9.7ms | ActiveRecord: 0.6ms)


Started GET "/assets/jumpstart_styles.css?body=1" for 127.0.0.1 at 2014-08-16 08:16:30 -0600


Started GET "/assets/products.css?body=1" for 127.0.0.1 at 2014-08-16 08:16:30 -0600


Started GET "/assets/jquery_ujs.js?body=1" for 127.0.0.1 at 2014-08-16 08:16:30 -0600


Started GET "/assets/application.css?body=1" for 127.0.0.1 at 2014-08-16 08:16:30 -0600


Started GET "/assets/jquery.js?body=1" for 127.0.0.1 at 2014-08-16 08:16:30 -0600


Started GET "/assets/scaffolds.css?body=1" for 127.0.0.1 at 2014-08-16 08:16:30 -0600


Started GET "/assets/turbolinks.js?body=1" for 127.0.0.1 at 2014-08-16 08:16:30 -0600


Started GET "/assets/products.js?body=1" for 127.0.0.1 at 2014-08-16 08:16:30 -0600


Started GET "/assets/application.js?body=1" for 127.0.0.1 at 2014-08-16 08:16:30 -0600


Started GET "/assets/products/green_grapes.jpg" for 127.0.0.1 at 2014-08-16 08:16:30 -0600


Started GET "/assets/products/purple_grapes.jpg" for 127.0.0.1 at 2014-08-16 08:16:30 -0600


Started GET "/products" for 127.0.0.1 at 2014-08-16 08:17:04 -0600
Processing by ProductsController#index as HTML
  [1m[36mProduct Load (0.3ms)[0m  [1mSELECT "products".* FROM "products"[0m
  Rendered products/index.html.erb within layouts/application (69.1ms)
Completed 200 OK in 77ms (Views: 74.8ms | ActiveRecord: 0.5ms)


Started GET "/assets/jumpstart_styles.css?body=1" for 127.0.0.1 at 2014-08-16 08:17:04 -0600


Started GET "/assets/products.css?body=1" for 127.0.0.1 at 2014-08-16 08:17:04 -0600


Started GET "/assets/application.css?body=1" for 127.0.0.1 at 2014-08-16 08:17:04 -0600


Started GET "/assets/jquery.js?body=1" for 127.0.0.1 at 2014-08-16 08:17:04 -0600


Started GET "/assets/scaffolds.css?body=1" for 127.0.0.1 at 2014-08-16 08:17:05 -0600


Started GET "/assets/jquery_ujs.js?body=1" for 127.0.0.1 at 2014-08-16 08:17:05 -0600


Started GET "/assets/turbolinks.js?body=1" for 127.0.0.1 at 2014-08-16 08:17:05 -0600


Started GET "/assets/products.js?body=1" for 127.0.0.1 at 2014-08-16 08:17:05 -0600


Started GET "/assets/application.js?body=1" for 127.0.0.1 at 2014-08-16 08:17:05 -0600


Started GET "/assets/products/green_grapes.jpg" for 127.0.0.1 at 2014-08-16 08:17:05 -0600


Started GET "/assets/products/purple_grapes.jpg" for 127.0.0.1 at 2014-08-16 08:17:05 -0600


Started GET "/products" for 127.0.0.1 at 2014-08-16 08:18:59 -0600
Processing by ProductsController#index as HTML
  Rendered products/index.html.erb within layouts/application (0.7ms)
Completed 500 Internal Server Error in 3ms

SyntaxError (/Users/cullenjett/code/jumpstartlabs/merchant/app/views/products/index.html.erb:29: syntax error, unexpected keyword_ensure, expecting keyword_end
/Users/cullenjett/code/jumpstartlabs/merchant/app/views/products/index.html.erb:31: syntax error, unexpected end-of-input, expecting keyword_end):
  actionview (4.1.1) lib/action_view/template.rb:297:in `module_eval'
  actionview (4.1.1) lib/action_view/template.rb:297:in `compile'
  actionview (4.1.1) lib/action_view/template.rb:245:in `block (2 levels) in compile!'
  activesupport (4.1.1) lib/active_support/notifications.rb:161:in `instrument'
  actionview (4.1.1) lib/action_view/template.rb:339:in `instrument'
  actionview (4.1.1) lib/action_view/template.rb:244:in `block in compile!'
  actionview (4.1.1) lib/action_view/template.rb:232:in `synchronize'
  actionview (4.1.1) lib/action_view/template.rb:232:in `compile!'
  actionview (4.1.1) lib/action_view/template.rb:144:in `block in render'
  activesupport (4.1.1) lib/active_support/notifications.rb:161:in `instrument'
  actionview (4.1.1) lib/action_view/template.rb:339:in `instrument'
  actionview (4.1.1) lib/action_view/template.rb:143:in `render'
  actionview (4.1.1) lib/action_view/renderer/template_renderer.rb:55:in `block (2 levels) in render_template'
  actionview (4.1.1) lib/action_view/renderer/abstract_renderer.rb:38:in `block in instrument'
  activesupport (4.1.1) lib/active_support/notifications.rb:159:in `block in instrument'
  activesupport (4.1.1) lib/active_support/notifications/instrumenter.rb:20:in `instrument'
  activesupport (4.1.1) lib/active_support/notifications.rb:159:in `instrument'
  actionview (4.1.1) lib/action_view/renderer/abstract_renderer.rb:38:in `instrument'
  actionview (4.1.1) lib/action_view/renderer/template_renderer.rb:54:in `block in render_template'
  actionview (4.1.1) lib/action_view/renderer/template_renderer.rb:62:in `render_with_layout'
  actionview (4.1.1) lib/action_view/renderer/template_renderer.rb:53:in `render_template'
  actionview (4.1.1) lib/action_view/renderer/template_renderer.rb:17:in `render'
  actionview (4.1.1) lib/action_view/renderer/renderer.rb:42:in `render_template'
  actionview (4.1.1) lib/action_view/renderer/renderer.rb:23:in `render'
  actionview (4.1.1) lib/action_view/rendering.rb:99:in `_render_template'
  actionpack (4.1.1) lib/action_controller/metal/streaming.rb:217:in `_render_template'
  actionview (4.1.1) lib/action_view/rendering.rb:82:in `render_to_body'
  actionpack (4.1.1) lib/action_controller/metal/rendering.rb:32:in `render_to_body'
  actionpack (4.1.1) lib/action_controller/metal/renderers.rb:32:in `render_to_body'
  actionpack (4.1.1) lib/abstract_controller/rendering.rb:25:in `render'
  actionpack (4.1.1) lib/action_controller/metal/rendering.rb:16:in `render'
  actionpack (4.1.1) lib/action_controller/metal/instrumentation.rb:41:in `block (2 levels) in render'
  activesupport (4.1.1) lib/active_support/core_ext/benchmark.rb:12:in `block in ms'
  /Users/cullenjett/.rvm/rubies/ruby-2.1.1/lib/ruby/2.1.0/benchmark.rb:294:in `realtime'
  activesupport (4.1.1) lib/active_support/core_ext/benchmark.rb:12:in `ms'
  actionpack (4.1.1) lib/action_controller/metal/instrumentation.rb:41:in `block in render'
  actionpack (4.1.1) lib/action_controller/metal/instrumentation.rb:84:in `cleanup_view_runtime'
  activerecord (4.1.1) lib/active_record/railties/controller_runtime.rb:25:in `cleanup_view_runtime'
  actionpack (4.1.1) lib/action_controller/metal/instrumentation.rb:40:in `render'
  actionpack (4.1.1) lib/action_controller/metal/implicit_render.rb:10:in `default_render'
  actionpack (4.1.1) lib/action_controller/metal/implicit_render.rb:5:in `send_action'
  actionpack (4.1.1) lib/abstract_controller/base.rb:189:in `process_action'
  actionpack (4.1.1) lib/action_controller/metal/rendering.rb:10:in `process_action'
  actionpack (4.1.1) lib/abstract_controller/callbacks.rb:20:in `block in process_action'
  activesupport (4.1.1) lib/active_support/callbacks.rb:113:in `call'
  activesupport (4.1.1) lib/active_support/callbacks.rb:113:in `call'
  activesupport (4.1.1) lib/active_support/callbacks.rb:149:in `block in halting_and_conditional'
  activesupport (4.1.1) lib/active_support/callbacks.rb:229:in `call'
  activesupport (4.1.1) lib/active_support/callbacks.rb:229:in `block in halting'
  activesupport (4.1.1) lib/active_support/callbacks.rb:229:in `call'
  activesupport (4.1.1) lib/active_support/callbacks.rb:229:in `block in halting'
  activesupport (4.1.1) lib/active_support/callbacks.rb:166:in `call'
  activesupport (4.1.1) lib/active_support/callbacks.rb:166:in `block in halting'
  activesupport (4.1.1) lib/active_support/callbacks.rb:166:in `call'
  activesupport (4.1.1) lib/active_support/callbacks.rb:166:in `block in halting'
  activesupport (4.1.1) lib/active_support/callbacks.rb:166:in `call'
  activesupport (4.1.1) lib/active_support/callbacks.rb:166:in `block in halting'
  activesupport (4.1.1) lib/active_support/callbacks.rb:86:in `call'
  activesupport (4.1.1) lib/active_support/callbacks.rb:86:in `run_callbacks'
  actionpack (4.1.1) lib/abstract_controller/callbacks.rb:19:in `process_action'
  actionpack (4.1.1) lib/action_controller/metal/rescue.rb:29:in `process_action'
  actionpack (4.1.1) lib/action_controller/metal/instrumentation.rb:31:in `block in process_action'
  activesupport (4.1.1) lib/active_support/notifications.rb:159:in `block in instrument'
  activesupport (4.1.1) lib/active_support/notifications/instrumenter.rb:20:in `instrument'
  activesupport (4.1.1) lib/active_support/notifications.rb:159:in `instrument'
  actionpack (4.1.1) lib/action_controller/metal/instrumentation.rb:30:in `process_action'
  actionpack (4.1.1) lib/action_controller/metal/params_wrapper.rb:250:in `process_action'
  activerecord (4.1.1) lib/active_record/railties/controller_runtime.rb:18:in `process_action'
  actionpack (4.1.1) lib/abstract_controller/base.rb:136:in `process'
  actionview (4.1.1) lib/action_view/rendering.rb:30:in `process'
  actionpack (4.1.1) lib/action_controller/metal.rb:195:in `dispatch'
  actionpack (4.1.1) lib/action_controller/metal/rack_delegation.rb:13:in `dispatch'
  actionpack (4.1.1) lib/action_controller/metal.rb:231:in `block in action'
  actionpack (4.1.1) lib/action_dispatch/routing/route_set.rb:80:in `call'
  actionpack (4.1.1) lib/action_dispatch/routing/route_set.rb:80:in `dispatch'
  actionpack (4.1.1) lib/action_dispatch/routing/route_set.rb:48:in `call'
  actionpack (4.1.1) lib/action_dispatch/journey/router.rb:71:in `block in call'
  actionpack (4.1.1) lib/action_dispatch/journey/router.rb:59:in `each'
  actionpack (4.1.1) lib/action_dispatch/journey/router.rb:59:in `call'
  actionpack (4.1.1) lib/action_dispatch/routing/route_set.rb:676:in `call'
  rack (1.5.2) lib/rack/etag.rb:23:in `call'
  rack (1.5.2) lib/rack/conditionalget.rb:25:in `call'
  rack (1.5.2) lib/rack/head.rb:11:in `call'
  actionpack (4.1.1) lib/action_dispatch/middleware/params_parser.rb:27:in `call'
  actionpack (4.1.1) lib/action_dispatch/middleware/flash.rb:254:in `call'
  rack (1.5.2) lib/rack/session/abstract/id.rb:225:in `context'
  rack (1.5.2) lib/rack/session/abstract/id.rb:220:in `call'
  actionpack (4.1.1) lib/action_dispatch/middleware/cookies.rb:560:in `call'
  activerecord (4.1.1) lib/active_record/query_cache.rb:36:in `call'
  activerecord (4.1.1) lib/active_record/connection_adapters/abstract/connection_pool.rb:621:in `call'
  activerecord (4.1.1) lib/active_record/migration.rb:380:in `call'
  actionpack (4.1.1) lib/action_dispatch/middleware/callbacks.rb:29:in `block in call'
  activesupport (4.1.1) lib/active_support/callbacks.rb:82:in `run_callbacks'
  actionpack (4.1.1) lib/action_dispatch/middleware/callbacks.rb:27:in `call'
  actionpack (4.1.1) lib/action_dispatch/middleware/reloader.rb:73:in `call'
  actionpack (4.1.1) lib/action_dispatch/middleware/remote_ip.rb:76:in `call'
  actionpack (4.1.1) lib/action_dispatch/middleware/debug_exceptions.rb:17:in `call'
  actionpack (4.1.1) lib/action_dispatch/middleware/show_exceptions.rb:30:in `call'
  railties (4.1.1) lib/rails/rack/logger.rb:38:in `call_app'
  railties (4.1.1) lib/rails/rack/logger.rb:20:in `block in call'
  activesupport (4.1.1) lib/active_support/tagged_logging.rb:68:in `block in tagged'
  activesupport (4.1.1) lib/active_support/tagged_logging.rb:26:in `tagged'
  activesupport (4.1.1) lib/active_support/tagged_logging.rb:68:in `tagged'
  railties (4.1.1) lib/rails/rack/logger.rb:20:in `call'
  actionpack (4.1.1) lib/action_dispatch/middleware/request_id.rb:21:in `call'
  rack (1.5.2) lib/rack/methodoverride.rb:21:in `call'
  rack (1.5.2) lib/rack/runtime.rb:17:in `call'
  activesupport (4.1.1) lib/active_support/cache/strategy/local_cache_middleware.rb:26:in `call'
  rack (1.5.2) lib/rack/lock.rb:17:in `call'
  actionpack (4.1.1) lib/action_dispatch/middleware/static.rb:64:in `call'
  rack (1.5.2) lib/rack/sendfile.rb:112:in `call'
  railties (4.1.1) lib/rails/engine.rb:514:in `call'
  railties (4.1.1) lib/rails/application.rb:144:in `call'
  rack (1.5.2) lib/rack/lock.rb:17:in `call'
  rack (1.5.2) lib/rack/content_length.rb:14:in `call'
  rack (1.5.2) lib/rack/handler/webrick.rb:60:in `service'
  /Users/cullenjett/.rvm/rubies/ruby-2.1.1/lib/ruby/2.1.0/webrick/httpserver.rb:138:in `service'
  /Users/cullenjett/.rvm/rubies/ruby-2.1.1/lib/ruby/2.1.0/webrick/httpserver.rb:94:in `run'
  /Users/cullenjett/.rvm/rubies/ruby-2.1.1/lib/ruby/2.1.0/webrick/server.rb:295:in `block in start_thread'


  Rendered /Users/cullenjett/.rvm/gems/ruby-2.1.1/gems/actionpack-4.1.1/lib/action_dispatch/middleware/templates/rescues/_source.erb (0.6ms)
  Rendered /Users/cullenjett/.rvm/gems/ruby-2.1.1/gems/actionpack-4.1.1/lib/action_dispatch/middleware/templates/rescues/_trace.html.erb (1.3ms)
  Rendered /Users/cullenjett/.rvm/gems/ruby-2.1.1/gems/actionpack-4.1.1/lib/action_dispatch/middleware/templates/rescues/_request_and_response.html.erb (1.1ms)
  Rendered /Users/cullenjett/.rvm/gems/ruby-2.1.1/gems/actionpack-4.1.1/lib/action_dispatch/middleware/templates/rescues/diagnostics.erb within rescues/layout (15.5ms)


Started GET "/products" for 127.0.0.1 at 2014-08-16 08:19:19 -0600
Processing by ProductsController#index as HTML
  [1m[35mProduct Load (0.2ms)[0m  SELECT "products".* FROM "products"
  Rendered products/index.html.erb within layouts/application (10.7ms)
Completed 500 Internal Server Error in 13ms

ActionView::Template::Error (undefined method `products_page' for #<#<Class:0x00000105f077c8>:0x000001059c5210>):
    13:   <tbody>
    14:     <% @products.each do |product| %>
    15:       <tr>
    16:         <td><%= link_to products_page(product) do %>
    17:           <%= image_tag "products/#{product.image_url}" %>
    18:         <% end %></td>
    19:         <td><span class="product_title"><%= product.title %></span><%= product.description %></td>
  app/views/products/index.html.erb:16:in `block in _app_views_products_index_html_erb__1042606837185243018_2194537200'
  app/views/products/index.html.erb:14:in `_app_views_products_index_html_erb__1042606837185243018_2194537200'


  Rendered /Users/cullenjett/.rvm/gems/ruby-2.1.1/gems/actionpack-4.1.1/lib/action_dispatch/middleware/templates/rescues/_trace.html.erb (1.5ms)
  Rendered /Users/cullenjett/.rvm/gems/ruby-2.1.1/gems/actionpack-4.1.1/lib/action_dispatch/middleware/templates/rescues/_request_and_response.html.erb (0.9ms)
  Rendered /Users/cullenjett/.rvm/gems/ruby-2.1.1/gems/actionpack-4.1.1/lib/action_dispatch/middleware/templates/rescues/template_error.html.erb within rescues/layout (14.4ms)


Started GET "/products" for 127.0.0.1 at 2014-08-16 08:19:28 -0600
Processing by ProductsController#index as HTML
  [1m[36mProduct Load (0.2ms)[0m  [1mSELECT "products".* FROM "products"[0m
  Rendered products/index.html.erb within layouts/application (10.9ms)
Completed 500 Internal Server Error in 13ms

ActionView::Template::Error (undefined method `product_page' for #<#<Class:0x00000105f077c8>:0x00000101518608>):
    13:   <tbody>
    14:     <% @products.each do |product| %>
    15:       <tr>
    16:         <td><%= link_to product_page(product) do %>
    17:           <%= image_tag "products/#{product.image_url}" %>
    18:         <% end %></td>
    19:         <td><span class="product_title"><%= product.title %></span><%= product.description %></td>
  app/views/products/index.html.erb:16:in `block in _app_views_products_index_html_erb__1042606837185243018_2158526860'
  app/views/products/index.html.erb:14:in `_app_views_products_index_html_erb__1042606837185243018_2158526860'


  Rendered /Users/cullenjett/.rvm/gems/ruby-2.1.1/gems/actionpack-4.1.1/lib/action_dispatch/middleware/templates/rescues/_trace.html.erb (1.3ms)
  Rendered /Users/cullenjett/.rvm/gems/ruby-2.1.1/gems/actionpack-4.1.1/lib/action_dispatch/middleware/templates/rescues/_request_and_response.html.erb (1.0ms)
  Rendered /Users/cullenjett/.rvm/gems/ruby-2.1.1/gems/actionpack-4.1.1/lib/action_dispatch/middleware/templates/rescues/template_error.html.erb within rescues/layout (11.6ms)


Started GET "/products" for 127.0.0.1 at 2014-08-16 08:19:35 -0600
Processing by ProductsController#index as HTML
  [1m[35mProduct Load (0.2ms)[0m  SELECT "products".* FROM "products"
  Rendered products/index.html.erb within layouts/application (2.7ms)
Completed 200 OK in 13ms (Views: 11.9ms | ActiveRecord: 0.2ms)


Started GET "/assets/jumpstart_styles.css?body=1" for 127.0.0.1 at 2014-08-16 08:19:35 -0600


Started GET "/assets/scaffolds.css?body=1" for 127.0.0.1 at 2014-08-16 08:19:35 -0600


Started GET "/assets/application.css?body=1" for 127.0.0.1 at 2014-08-16 08:19:35 -0600


Started GET "/assets/products.css?body=1" for 127.0.0.1 at 2014-08-16 08:19:35 -0600


Started GET "/assets/turbolinks.js?body=1" for 127.0.0.1 at 2014-08-16 08:19:35 -0600


Started GET "/assets/jquery.js?body=1" for 127.0.0.1 at 2014-08-16 08:19:35 -0600


Started GET "/assets/jquery_ujs.js?body=1" for 127.0.0.1 at 2014-08-16 08:19:35 -0600


Started GET "/assets/products.js?body=1" for 127.0.0.1 at 2014-08-16 08:19:35 -0600


Started GET "/assets/application.js?body=1" for 127.0.0.1 at 2014-08-16 08:19:35 -0600


Started GET "/assets/products/green_grapes.jpg" for 127.0.0.1 at 2014-08-16 08:19:35 -0600


Started GET "/assets/products/purple_grapes.jpg" for 127.0.0.1 at 2014-08-16 08:19:35 -0600


Started GET "/products/1" for 127.0.0.1 at 2014-08-16 08:19:43 -0600
Processing by ProductsController#show as HTML
  Parameters: {"id"=>"1"}
  [1m[36mProduct Load (0.2ms)[0m  [1mSELECT  "products".* FROM "products"  WHERE "products"."id" = ? LIMIT 1[0m  [["id", 1]]
  Rendered products/show.html.erb within layouts/application (1.6ms)
Completed 200 OK in 42ms (Views: 40.5ms | ActiveRecord: 0.2ms)


Started GET "/products/2" for 127.0.0.1 at 2014-08-16 08:19:46 -0600
Processing by ProductsController#show as HTML
  Parameters: {"id"=>"2"}
  [1m[35mProduct Load (0.1ms)[0m  SELECT  "products".* FROM "products"  WHERE "products"."id" = ? LIMIT 1  [["id", 2]]
  Rendered products/show.html.erb within layouts/application (0.5ms)
Completed 200 OK in 9ms (Views: 7.6ms | ActiveRecord: 0.1ms)


Started GET "/products/new" for 127.0.0.1 at 2014-08-16 08:19:58 -0600
Processing by ProductsController#new as HTML
  Rendered products/_form.html.erb (5.4ms)
  Rendered products/new.html.erb within layouts/application (7.2ms)
Completed 200 OK in 47ms (Views: 45.7ms | ActiveRecord: 0.0ms)


Started GET "/products/new" for 127.0.0.1 at 2014-08-16 08:21:21 -0600
Processing by ProductsController#new as HTML
  Rendered products/_form.html.erb (4.3ms)
  Rendered products/new.html.erb within layouts/application (6.2ms)
Completed 200 OK in 23ms (Views: 21.6ms | ActiveRecord: 0.0ms)


Started GET "/assets/jumpstart_styles.css?body=1" for 127.0.0.1 at 2014-08-16 08:21:21 -0600


Started GET "/assets/application.css?body=1" for 127.0.0.1 at 2014-08-16 08:21:21 -0600


Started GET "/assets/products.css?body=1" for 127.0.0.1 at 2014-08-16 08:21:21 -0600


Started GET "/assets/scaffolds.css?body=1" for 127.0.0.1 at 2014-08-16 08:21:21 -0600


Started GET "/assets/jquery.js?body=1" for 127.0.0.1 at 2014-08-16 08:21:21 -0600


Started GET "/assets/turbolinks.js?body=1" for 127.0.0.1 at 2014-08-16 08:21:21 -0600


Started GET "/assets/jquery_ujs.js?body=1" for 127.0.0.1 at 2014-08-16 08:21:21 -0600


Started GET "/assets/products.js?body=1" for 127.0.0.1 at 2014-08-16 08:21:21 -0600


Started GET "/assets/application.js?body=1" for 127.0.0.1 at 2014-08-16 08:21:21 -0600


Started POST "/products" for 127.0.0.1 at 2014-08-16 08:22:14 -0600
Processing by ProductsController#create as HTML
  Parameters: {"utf8"=>"✓", "authenticity_token"=>"tPpNmbpJLXTuSjBivkUMTYXtiLfNZWfgJlHufg0Bsx4=", "product"=>{"title"=>"Oranges", "price"=>"$2.99", "description"=>"Bag of 6 Valencia oranges.", "image_url"=>"oranges.jpg"}, "commit"=>"Create Product"}
  [1m[36m (0.1ms)[0m  [1mbegin transaction[0m
  [1m[35mSQL (0.4ms)[0m  INSERT INTO "products" ("created_at", "description", "image_url", "price", "title", "updated_at") VALUES (?, ?, ?, ?, ?, ?)  [["created_at", "2014-08-16 14:22:14.903857"], ["description", "Bag of 6 Valencia oranges."], ["image_url", "oranges.jpg"], ["price", 0.0], ["title", "Oranges"], ["updated_at", "2014-08-16 14:22:14.903857"]]
  [1m[36m (5.3ms)[0m  [1mcommit transaction[0m
Redirected to http://localhost:3000/products/3
Completed 302 Found in 11ms (ActiveRecord: 5.8ms)


Started GET "/products/3" for 127.0.0.1 at 2014-08-16 08:22:14 -0600
Processing by ProductsController#show as HTML
  Parameters: {"id"=>"3"}
  [1m[35mProduct Load (0.1ms)[0m  SELECT  "products".* FROM "products"  WHERE "products"."id" = ? LIMIT 1  [["id", 3]]
  Rendered products/show.html.erb within layouts/application (1.0ms)
Completed 200 OK in 46ms (Views: 44.9ms | ActiveRecord: 0.1ms)


Started GET "/assets/jumpstart_styles.css?body=1" for 127.0.0.1 at 2014-08-16 08:22:15 -0600


Started GET "/assets/scaffolds.css?body=1" for 127.0.0.1 at 2014-08-16 08:22:15 -0600


Started GET "/assets/application.css?body=1" for 127.0.0.1 at 2014-08-16 08:22:15 -0600


Started GET "/assets/products.css?body=1" for 127.0.0.1 at 2014-08-16 08:22:15 -0600


Started GET "/assets/jquery.js?body=1" for 127.0.0.1 at 2014-08-16 08:22:15 -0600


Started GET "/assets/turbolinks.js?body=1" for 127.0.0.1 at 2014-08-16 08:22:15 -0600


Started GET "/assets/jquery_ujs.js?body=1" for 127.0.0.1 at 2014-08-16 08:22:15 -0600


Started GET "/assets/products.js?body=1" for 127.0.0.1 at 2014-08-16 08:22:15 -0600


Started GET "/assets/application.js?body=1" for 127.0.0.1 at 2014-08-16 08:22:15 -0600


Started GET "/products" for 127.0.0.1 at 2014-08-16 08:23:16 -0600
Processing by ProductsController#index as HTML
  [1m[36mProduct Load (0.3ms)[0m  [1mSELECT "products".* FROM "products"[0m
  Rendered products/index.html.erb within layouts/application (29.8ms)
Completed 200 OK in 55ms (Views: 51.3ms | ActiveRecord: 0.9ms)


Started GET "/assets/products/green_grapes.jpg" for 127.0.0.1 at 2014-08-16 08:23:16 -0600


Started GET "/assets/products/oranges.jpg" for 127.0.0.1 at 2014-08-16 08:23:16 -0600


Started GET "/assets/products/purple_grapes.jpg" for 127.0.0.1 at 2014-08-16 08:23:16 -0600


Started GET "/products/3" for 127.0.0.1 at 2014-08-16 08:23:19 -0600
Processing by ProductsController#show as HTML
  Parameters: {"id"=>"3"}
  [1m[35mProduct Load (0.3ms)[0m  SELECT  "products".* FROM "products"  WHERE "products"."id" = ? LIMIT 1  [["id", 3]]
  Rendered products/show.html.erb within layouts/application (0.6ms)
Completed 200 OK in 11ms (Views: 8.9ms | ActiveRecord: 0.3ms)


Started GET "/products/3/edit" for 127.0.0.1 at 2014-08-16 08:23:25 -0600
Processing by ProductsController#edit as HTML
  Parameters: {"id"=>"3"}
  [1m[36mProduct Load (0.1ms)[0m  [1mSELECT  "products".* FROM "products"  WHERE "products"."id" = ? LIMIT 1[0m  [["id", 3]]
  Rendered products/_form.html.erb (7.4ms)
  Rendered products/edit.html.erb within layouts/application (10.1ms)
Completed 200 OK in 38ms (Views: 36.6ms | ActiveRecord: 0.1ms)


Started GET "/products/3" for 127.0.0.1 at 2014-08-16 08:23:37 -0600
Processing by ProductsController#show as HTML
  Parameters: {"id"=>"3"}
  [1m[35mProduct Load (0.1ms)[0m  SELECT  "products".* FROM "products"  WHERE "products"."id" = ? LIMIT 1  [["id", 3]]
  Rendered products/show.html.erb within layouts/application (0.6ms)
Completed 200 OK in 10ms (Views: 8.7ms | ActiveRecord: 0.1ms)


Started GET "/products" for 127.0.0.1 at 2014-08-16 08:23:44 -0600
Processing by ProductsController#index as HTML
  [1m[36mProduct Load (0.2ms)[0m  [1mSELECT "products".* FROM "products"[0m
  Rendered products/index.html.erb within layouts/application (4.2ms)
Completed 200 OK in 21ms (Views: 20.0ms | ActiveRecord: 0.2ms)


Started GET "/products/3" for 127.0.0.1 at 2014-08-16 08:23:46 -0600
Processing by ProductsController#show as HTML
  Parameters: {"id"=>"3"}
  [1m[35mProduct Load (0.2ms)[0m  SELECT  "products".* FROM "products"  WHERE "products"."id" = ? LIMIT 1  [["id", 3]]
  Rendered products/show.html.erb within layouts/application (0.7ms)
Completed 200 OK in 11ms (Views: 9.1ms | ActiveRecord: 0.2ms)


Started GET "/products/3/edit" for 127.0.0.1 at 2014-08-16 08:23:48 -0600
Processing by ProductsController#edit as HTML
  Parameters: {"id"=>"3"}
  [1m[36mProduct Load (0.2ms)[0m  [1mSELECT  "products".* FROM "products"  WHERE "products"."id" = ? LIMIT 1[0m  [["id", 3]]
  Rendered products/_form.html.erb (4.4ms)
  Rendered products/edit.html.erb within layouts/application (5.9ms)
Completed 200 OK in 17ms (Views: 14.6ms | ActiveRecord: 0.2ms)


Started PATCH "/products/3" for 127.0.0.1 at 2014-08-16 08:24:01 -0600
Processing by ProductsController#update as HTML
  Parameters: {"utf8"=>"✓", "authenticity_token"=>"tPpNmbpJLXTuSjBivkUMTYXtiLfNZWfgJlHufg0Bsx4=", "product"=>{"title"=>"Oranges", "price"=>"$2.99", "description"=>"Bag of 6 Valencia oranges.", "image_url"=>"oranges.jpg"}, "commit"=>"Update Product", "id"=>"3"}
  [1m[35mProduct Load (0.2ms)[0m  SELECT  "products".* FROM "products"  WHERE "products"."id" = ? LIMIT 1  [["id", 3]]
  [1m[36m (0.1ms)[0m  [1mbegin transaction[0m
  [1m[35m (0.1ms)[0m  rollback transaction
  Rendered products/_form.html.erb (3.4ms)
  Rendered products/edit.html.erb within layouts/application (5.4ms)
Completed 200 OK in 15ms (Views: 10.4ms | ActiveRecord: 0.3ms)


Started GET "/assets/jumpstart_styles.css?body=1" for 127.0.0.1 at 2014-08-16 08:24:01 -0600


Started GET "/assets/products.css?body=1" for 127.0.0.1 at 2014-08-16 08:24:01 -0600


Started GET "/assets/application.css?body=1" for 127.0.0.1 at 2014-08-16 08:24:01 -0600


Started GET "/assets/scaffolds.css?body=1" for 127.0.0.1 at 2014-08-16 08:24:01 -0600


Started GET "/assets/jquery.js?body=1" for 127.0.0.1 at 2014-08-16 08:24:01 -0600


Started GET "/assets/turbolinks.js?body=1" for 127.0.0.1 at 2014-08-16 08:24:01 -0600


Started GET "/assets/products.js?body=1" for 127.0.0.1 at 2014-08-16 08:24:01 -0600


Started GET "/assets/jquery_ujs.js?body=1" for 127.0.0.1 at 2014-08-16 08:24:01 -0600


Started GET "/assets/application.js?body=1" for 127.0.0.1 at 2014-08-16 08:24:01 -0600


Started PATCH "/products/3" for 127.0.0.1 at 2014-08-16 08:26:10 -0600
Processing by ProductsController#update as HTML
  Parameters: {"utf8"=>"✓", "authenticity_token"=>"tPpNmbpJLXTuSjBivkUMTYXtiLfNZWfgJlHufg0Bsx4=", "product"=>{"title"=>"Oranges", "price"=>"$2.99", "description"=>"Bag of 6 Valencia oranges.", "image_url"=>"oranges.jpg"}, "commit"=>"Update Product", "id"=>"3"}
  [1m[36mProduct Load (0.2ms)[0m  [1mSELECT  "products".* FROM "products"  WHERE "products"."id" = ? LIMIT 1[0m  [["id", 3]]
  [1m[35m (0.1ms)[0m  begin transaction
  [1m[36m (0.1ms)[0m  [1mrollback transaction[0m
Completed 500 Internal Server Error in 17ms

SystemStackError (stack level too deep):
  actionpack (4.1.1) lib/action_dispatch/middleware/reloader.rb:79


  Rendered /Users/cullenjett/.rvm/gems/ruby-2.1.1/gems/actionpack-4.1.1/lib/action_dispatch/middleware/templates/rescues/_source.erb (1.4ms)
  Rendered /Users/cullenjett/.rvm/gems/ruby-2.1.1/gems/actionpack-4.1.1/lib/action_dispatch/middleware/templates/rescues/_trace.html.erb (1.6ms)
  Rendered /Users/cullenjett/.rvm/gems/ruby-2.1.1/gems/actionpack-4.1.1/lib/action_dispatch/middleware/templates/rescues/_request_and_response.html.erb (1.1ms)
  Rendered /Users/cullenjett/.rvm/gems/ruby-2.1.1/gems/actionpack-4.1.1/lib/action_dispatch/middleware/templates/rescues/diagnostics.erb within rescues/layout (36.3ms)


Started GET "/products/3/edit" for 127.0.0.1 at 2014-08-16 08:26:19 -0600
Processing by ProductsController#edit as HTML
  Parameters: {"id"=>"3"}
  [1m[35mProduct Load (0.1ms)[0m  SELECT  "products".* FROM "products"  WHERE "products"."id" = ? LIMIT 1  [["id", 3]]
  Rendered products/_form.html.erb (6.4ms)
  Rendered products/edit.html.erb within layouts/application (8.5ms)
Completed 200 OK in 60ms (Views: 58.8ms | ActiveRecord: 0.1ms)


Started GET "/assets/jumpstart_styles.css?body=1" for 127.0.0.1 at 2014-08-16 08:26:19 -0600


Started GET "/assets/scaffolds.css?body=1" for 127.0.0.1 at 2014-08-16 08:26:19 -0600


Started GET "/assets/application.css?body=1" for 127.0.0.1 at 2014-08-16 08:26:19 -0600


Started GET "/assets/products.css?body=1" for 127.0.0.1 at 2014-08-16 08:26:19 -0600


Started GET "/assets/jquery_ujs.js?body=1" for 127.0.0.1 at 2014-08-16 08:26:19 -0600


Started GET "/assets/jquery.js?body=1" for 127.0.0.1 at 2014-08-16 08:26:19 -0600


Started GET "/assets/turbolinks.js?body=1" for 127.0.0.1 at 2014-08-16 08:26:19 -0600


Started GET "/assets/products.js?body=1" for 127.0.0.1 at 2014-08-16 08:26:19 -0600


Started GET "/assets/application.js?body=1" for 127.0.0.1 at 2014-08-16 08:26:19 -0600


Started PATCH "/products/3" for 127.0.0.1 at 2014-08-16 08:26:25 -0600
Processing by ProductsController#update as HTML
  Parameters: {"utf8"=>"✓", "authenticity_token"=>"tPpNmbpJLXTuSjBivkUMTYXtiLfNZWfgJlHufg0Bsx4=", "product"=>{"title"=>"Oranges", "price"=>"$2.99", "description"=>"Bag of 6 Valencia oranges.", "image_url"=>"oranges.jpg"}, "commit"=>"Update Product", "id"=>"3"}
  [1m[36mProduct Load (0.1ms)[0m  [1mSELECT  "products".* FROM "products"  WHERE "products"."id" = ? LIMIT 1[0m  [["id", 3]]
  [1m[35m (0.1ms)[0m  begin transaction
  [1m[36m (0.1ms)[0m  [1mrollback transaction[0m
Completed 500 Internal Server Error in 9ms

SystemStackError (stack level too deep):
  actionpack (4.1.1) lib/action_dispatch/middleware/reloader.rb:79


  Rendered /Users/cullenjett/.rvm/gems/ruby-2.1.1/gems/actionpack-4.1.1/lib/action_dispatch/middleware/templates/rescues/_source.erb (0.6ms)
  Rendered /Users/cullenjett/.rvm/gems/ruby-2.1.1/gems/actionpack-4.1.1/lib/action_dispatch/middleware/templates/rescues/_trace.html.erb (1.1ms)
  Rendered /Users/cullenjett/.rvm/gems/ruby-2.1.1/gems/actionpack-4.1.1/lib/action_dispatch/middleware/templates/rescues/_request_and_response.html.erb (1.1ms)
  Rendered /Users/cullenjett/.rvm/gems/ruby-2.1.1/gems/actionpack-4.1.1/lib/action_dispatch/middleware/templates/rescues/diagnostics.erb within rescues/layout (15.2ms)


Started GET "/products/3/edit" for 127.0.0.1 at 2014-08-16 08:26:37 -0600
Processing by ProductsController#edit as HTML
  Parameters: {"id"=>"3"}
  [1m[35mProduct Load (0.2ms)[0m  SELECT  "products".* FROM "products"  WHERE "products"."id" = ? LIMIT 1  [["id", 3]]
  Rendered products/_form.html.erb (6.5ms)
  Rendered products/edit.html.erb within layouts/application (7.5ms)
Completed 200 OK in 18ms (Views: 12.6ms | ActiveRecord: 0.8ms)


Started GET "/assets/jumpstart_styles.css?body=1" for 127.0.0.1 at 2014-08-16 08:26:37 -0600


Started GET "/assets/products.css?body=1" for 127.0.0.1 at 2014-08-16 08:26:37 -0600


Started GET "/assets/jquery.js?body=1" for 127.0.0.1 at 2014-08-16 08:26:37 -0600


Started GET "/assets/jquery_ujs.js?body=1" for 127.0.0.1 at 2014-08-16 08:26:37 -0600


Started GET "/assets/scaffolds.css?body=1" for 127.0.0.1 at 2014-08-16 08:26:37 -0600


Started GET "/assets/application.css?body=1" for 127.0.0.1 at 2014-08-16 08:26:37 -0600


Started GET "/assets/turbolinks.js?body=1" for 127.0.0.1 at 2014-08-16 08:26:37 -0600


Started GET "/assets/products.js?body=1" for 127.0.0.1 at 2014-08-16 08:26:37 -0600


Started GET "/assets/application.js?body=1" for 127.0.0.1 at 2014-08-16 08:26:37 -0600


Started PATCH "/products/3" for 127.0.0.1 at 2014-08-16 08:26:47 -0600
Processing by ProductsController#update as HTML
  Parameters: {"utf8"=>"✓", "authenticity_token"=>"tPpNmbpJLXTuSjBivkUMTYXtiLfNZWfgJlHufg0Bsx4=", "product"=>{"title"=>"Oranges", "price"=>"$2.99", "description"=>"Bag of 6 Valencia oranges.", "image_url"=>"oranges.jpg"}, "commit"=>"Update Product", "id"=>"3"}
  [1m[36mProduct Load (0.1ms)[0m  [1mSELECT  "products".* FROM "products"  WHERE "products"."id" = ? LIMIT 1[0m  [["id", 3]]
  [1m[35m (0.1ms)[0m  begin transaction
  [1m[36mSQL (0.3ms)[0m  [1mUPDATE "products" SET "price" = ?, "updated_at" = ? WHERE "products"."id" = 3[0m  [["price", 2.99], ["updated_at", "2014-08-16 14:26:47.255261"]]
  [1m[35m (1.1ms)[0m  commit transaction
Redirected to http://localhost:3000/products/3
Completed 302 Found in 7ms (ActiveRecord: 1.6ms)


Started GET "/products/3" for 127.0.0.1 at 2014-08-16 08:26:47 -0600
Processing by ProductsController#show as HTML
  Parameters: {"id"=>"3"}
  [1m[36mProduct Load (0.1ms)[0m  [1mSELECT  "products".* FROM "products"  WHERE "products"."id" = ? LIMIT 1[0m  [["id", 3]]
  Rendered products/show.html.erb within layouts/application (0.7ms)
Completed 200 OK in 29ms (Views: 27.4ms | ActiveRecord: 0.1ms)


Started GET "/assets/jumpstart_styles.css?body=1" for 127.0.0.1 at 2014-08-16 08:26:47 -0600


Started GET "/assets/products.css?body=1" for 127.0.0.1 at 2014-08-16 08:26:47 -0600


Started GET "/assets/jquery.js?body=1" for 127.0.0.1 at 2014-08-16 08:26:47 -0600


Started GET "/assets/application.css?body=1" for 127.0.0.1 at 2014-08-16 08:26:47 -0600


Started GET "/assets/jquery_ujs.js?body=1" for 127.0.0.1 at 2014-08-16 08:26:47 -0600


Started GET "/assets/scaffolds.css?body=1" for 127.0.0.1 at 2014-08-16 08:26:47 -0600


Started GET "/assets/turbolinks.js?body=1" for 127.0.0.1 at 2014-08-16 08:26:47 -0600


Started GET "/assets/products.js?body=1" for 127.0.0.1 at 2014-08-16 08:26:47 -0600


Started GET "/assets/application.js?body=1" for 127.0.0.1 at 2014-08-16 08:26:47 -0600


Started GET "/products" for 127.0.0.1 at 2014-08-16 08:28:01 -0600
Processing by ProductsController#index as HTML
  [1m[35mProduct Load (0.3ms)[0m  SELECT "products".* FROM "products"
  Rendered products/index.html.erb within layouts/application (4.5ms)
Completed 200 OK in 32ms (Views: 30.5ms | ActiveRecord: 0.3ms)


Started GET "/assets/products/green_grapes.jpg" for 127.0.0.1 at 2014-08-16 08:28:01 -0600


Started GET "/assets/products/purple_grapes.jpg" for 127.0.0.1 at 2014-08-16 08:28:01 -0600


Started GET "/products/new" for 127.0.0.1 at 2014-08-16 08:28:05 -0600
Processing by ProductsController#new as HTML
  Rendered products/_form.html.erb (3.6ms)
  Rendered products/new.html.erb within layouts/application (6.1ms)
Completed 200 OK in 14ms (Views: 12.7ms | ActiveRecord: 0.0ms)


Started POST "/products" for 127.0.0.1 at 2014-08-16 08:28:39 -0600
Processing by ProductsController#create as HTML
  Parameters: {"utf8"=>"✓", "authenticity_token"=>"tPpNmbpJLXTuSjBivkUMTYXtiLfNZWfgJlHufg0Bsx4=", "product"=>{"title"=>"Carrots", "price"=>".99", "description"=>"...they're carrots.", "image_url"=>"carrots.jpg"}, "commit"=>"Create Product"}
  [1m[36m (0.1ms)[0m  [1mbegin transaction[0m
  [1m[35mSQL (0.4ms)[0m  INSERT INTO "products" ("created_at", "description", "image_url", "price", "title", "updated_at") VALUES (?, ?, ?, ?, ?, ?)  [["created_at", "2014-08-16 14:28:39.244981"], ["description", "...they're carrots."], ["image_url", "carrots.jpg"], ["price", 0.99], ["title", "Carrots"], ["updated_at", "2014-08-16 14:28:39.244981"]]
  [1m[36m (23.8ms)[0m  [1mcommit transaction[0m
Redirected to http://localhost:3000/products/4
Completed 302 Found in 30ms (ActiveRecord: 24.3ms)


Started GET "/products/4" for 127.0.0.1 at 2014-08-16 08:28:39 -0600
Processing by ProductsController#show as HTML
  Parameters: {"id"=>"4"}
  [1m[35mProduct Load (0.1ms)[0m  SELECT  "products".* FROM "products"  WHERE "products"."id" = ? LIMIT 1  [["id", 4]]
  Rendered products/show.html.erb within layouts/application (0.5ms)
Completed 200 OK in 6ms (Views: 5.0ms | ActiveRecord: 0.1ms)


Started GET "/assets/jumpstart_styles.css?body=1" for 127.0.0.1 at 2014-08-16 08:28:39 -0600


Started GET "/assets/products.css?body=1" for 127.0.0.1 at 2014-08-16 08:28:39 -0600


Started GET "/assets/jquery.js?body=1" for 127.0.0.1 at 2014-08-16 08:28:39 -0600


Started GET "/assets/turbolinks.js?body=1" for 127.0.0.1 at 2014-08-16 08:28:39 -0600


Started GET "/assets/application.css?body=1" for 127.0.0.1 at 2014-08-16 08:28:39 -0600


Started GET "/assets/scaffolds.css?body=1" for 127.0.0.1 at 2014-08-16 08:28:39 -0600


Started GET "/assets/products.js?body=1" for 127.0.0.1 at 2014-08-16 08:28:39 -0600


Started GET "/assets/jquery_ujs.js?body=1" for 127.0.0.1 at 2014-08-16 08:28:39 -0600


Started GET "/assets/application.js?body=1" for 127.0.0.1 at 2014-08-16 08:28:39 -0600


Started GET "/products" for 127.0.0.1 at 2014-08-16 08:28:41 -0600
Processing by ProductsController#index as HTML
  [1m[36mProduct Load (0.2ms)[0m  [1mSELECT "products".* FROM "products"[0m
  Rendered products/index.html.erb within layouts/application (22.5ms)
Completed 200 OK in 29ms (Views: 28.5ms | ActiveRecord: 0.2ms)


Started GET "/assets/products/carrots.jpg" for 127.0.0.1 at 2014-08-16 08:28:41 -0600


Started GET "/assets/products/green_grapes.jpg" for 127.0.0.1 at 2014-08-16 08:28:41 -0600


Started GET "/assets/products/purple_grapes.jpg" for 127.0.0.1 at 2014-08-16 08:28:41 -0600


Started GET "/products/new" for 127.0.0.1 at 2014-08-16 08:28:47 -0600
Processing by ProductsController#new as HTML
  Rendered products/_form.html.erb (4.4ms)
  Rendered products/new.html.erb within layouts/application (5.9ms)
Completed 200 OK in 15ms (Views: 13.5ms | ActiveRecord: 0.0ms)


Started POST "/products" for 127.0.0.1 at 2014-08-16 08:29:08 -0600
Processing by ProductsController#create as HTML
  Parameters: {"utf8"=>"✓", "authenticity_token"=>"tPpNmbpJLXTuSjBivkUMTYXtiLfNZWfgJlHufg0Bsx4=", "product"=>{"title"=>"Milk", "price"=>"1.99", "description"=>"Got it?", "image_url"=>"milk.jpg"}, "commit"=>"Create Product"}
  [1m[35m (0.1ms)[0m  begin transaction
  [1m[36mSQL (0.4ms)[0m  [1mINSERT INTO "products" ("created_at", "description", "image_url", "price", "title", "updated_at") VALUES (?, ?, ?, ?, ?, ?)[0m  [["created_at", "2014-08-16 14:29:08.345758"], ["description", "Got it?"], ["image_url", "milk.jpg"], ["price", 1.99], ["title", "Milk"], ["updated_at", "2014-08-16 14:29:08.345758"]]
  [1m[35m (29.6ms)[0m  commit transaction
Redirected to http://localhost:3000/products/5
Completed 302 Found in 34ms (ActiveRecord: 30.1ms)


Started GET "/products/5" for 127.0.0.1 at 2014-08-16 08:29:08 -0600
Processing by ProductsController#show as HTML
  Parameters: {"id"=>"5"}
  [1m[36mProduct Load (0.1ms)[0m  [1mSELECT  "products".* FROM "products"  WHERE "products"."id" = ? LIMIT 1[0m  [["id", 5]]
  Rendered products/show.html.erb within layouts/application (0.5ms)
Completed 200 OK in 6ms (Views: 4.8ms | ActiveRecord: 0.1ms)


Started GET "/assets/products.css?body=1" for 127.0.0.1 at 2014-08-16 08:29:08 -0600


Started GET "/assets/jumpstart_styles.css?body=1" for 127.0.0.1 at 2014-08-16 08:29:08 -0600


Started GET "/assets/application.css?body=1" for 127.0.0.1 at 2014-08-16 08:29:08 -0600


Started GET "/assets/scaffolds.css?body=1" for 127.0.0.1 at 2014-08-16 08:29:08 -0600


Started GET "/assets/jquery.js?body=1" for 127.0.0.1 at 2014-08-16 08:29:08 -0600


Started GET "/assets/turbolinks.js?body=1" for 127.0.0.1 at 2014-08-16 08:29:08 -0600


Started GET "/assets/jquery_ujs.js?body=1" for 127.0.0.1 at 2014-08-16 08:29:08 -0600


Started GET "/assets/products.js?body=1" for 127.0.0.1 at 2014-08-16 08:29:08 -0600


Started GET "/assets/application.js?body=1" for 127.0.0.1 at 2014-08-16 08:29:08 -0600


Started GET "/products/5" for 127.0.0.1 at 2014-08-16 08:29:18 -0600
Processing by ProductsController#show as HTML
  Parameters: {"id"=>"5"}
  [1m[35mProduct Load (0.1ms)[0m  SELECT  "products".* FROM "products"  WHERE "products"."id" = ? LIMIT 1  [["id", 5]]
  Rendered products/show.html.erb within layouts/application (0.9ms)
Completed 200 OK in 7ms (Views: 5.8ms | ActiveRecord: 0.1ms)


Started GET "/assets/jumpstart_styles.css?body=1" for 127.0.0.1 at 2014-08-16 08:29:18 -0600


Started GET "/assets/application.css?body=1" for 127.0.0.1 at 2014-08-16 08:29:18 -0600


Started GET "/assets/products.css?body=1" for 127.0.0.1 at 2014-08-16 08:29:18 -0600


Started GET "/assets/jquery_ujs.js?body=1" for 127.0.0.1 at 2014-08-16 08:29:18 -0600


Started GET "/assets/jquery.js?body=1" for 127.0.0.1 at 2014-08-16 08:29:18 -0600


Started GET "/assets/scaffolds.css?body=1" for 127.0.0.1 at 2014-08-16 08:29:18 -0600


Started GET "/assets/turbolinks.js?body=1" for 127.0.0.1 at 2014-08-16 08:29:18 -0600


Started GET "/assets/products.js?body=1" for 127.0.0.1 at 2014-08-16 08:29:18 -0600


Started GET "/assets/application.js?body=1" for 127.0.0.1 at 2014-08-16 08:29:18 -0600


Started GET "/products" for 127.0.0.1 at 2014-08-16 08:29:20 -0600
Processing by ProductsController#index as HTML
  [1m[36mProduct Load (0.3ms)[0m  [1mSELECT "products".* FROM "products"[0m
  Rendered products/index.html.erb within layouts/application (40.7ms)
Completed 200 OK in 47ms (Views: 45.8ms | ActiveRecord: 0.3ms)


Started GET "/assets/products/purple_grapes.jpg" for 127.0.0.1 at 2014-08-16 08:29:20 -0600


Started GET "/assets/products/green_grapes.jpg" for 127.0.0.1 at 2014-08-16 08:29:20 -0600


Started GET "/assets/products/milk.jpg" for 127.0.0.1 at 2014-08-16 08:29:20 -0600


Started GET "/products/new" for 127.0.0.1 at 2014-08-16 08:29:24 -0600
Processing by ProductsController#new as HTML
  Rendered products/_form.html.erb (3.8ms)
  Rendered products/new.html.erb within layouts/application (5.3ms)
Completed 200 OK in 15ms (Views: 13.3ms | ActiveRecord: 0.0ms)


Started POST "/products" for 127.0.0.1 at 2014-08-16 08:29:55 -0600
Processing by ProductsController#create as HTML
  Parameters: {"utf8"=>"✓", "authenticity_token"=>"tPpNmbpJLXTuSjBivkUMTYXtiLfNZWfgJlHufg0Bsx4=", "product"=>{"title"=>"Eggs", "price"=>"1.25", "description"=>"12 of 'em", "image_url"=>"eggs.jpg"}, "commit"=>"Create Product"}
  [1m[35m (0.1ms)[0m  begin transaction
  [1m[36mSQL (0.7ms)[0m  [1mINSERT INTO "products" ("created_at", "description", "image_url", "price", "title", "updated_at") VALUES (?, ?, ?, ?, ?, ?)[0m  [["created_at", "2014-08-16 14:29:55.749991"], ["description", "12 of 'em"], ["image_url", "eggs.jpg"], ["price", 1.25], ["title", "Eggs"], ["updated_at", "2014-08-16 14:29:55.749991"]]
  [1m[35m (31.3ms)[0m  commit transaction
Redirected to http://localhost:3000/products/6
Completed 302 Found in 36ms (ActiveRecord: 32.1ms)


Started GET "/products/6" for 127.0.0.1 at 2014-08-16 08:29:55 -0600
Processing by ProductsController#show as HTML
  Parameters: {"id"=>"6"}
  [1m[36mProduct Load (0.1ms)[0m  [1mSELECT  "products".* FROM "products"  WHERE "products"."id" = ? LIMIT 1[0m  [["id", 6]]
  Rendered products/show.html.erb within layouts/application (0.4ms)
Completed 200 OK in 7ms (Views: 5.4ms | ActiveRecord: 0.1ms)


Started GET "/assets/jumpstart_styles.css?body=1" for 127.0.0.1 at 2014-08-16 08:29:55 -0600


Started GET "/assets/products.css?body=1" for 127.0.0.1 at 2014-08-16 08:29:55 -0600


Started GET "/assets/turbolinks.js?body=1" for 127.0.0.1 at 2014-08-16 08:29:55 -0600


Started GET "/assets/application.css?body=1" for 127.0.0.1 at 2014-08-16 08:29:55 -0600


Started GET "/assets/scaffolds.css?body=1" for 127.0.0.1 at 2014-08-16 08:29:55 -0600


Started GET "/assets/jquery_ujs.js?body=1" for 127.0.0.1 at 2014-08-16 08:29:55 -0600


Started GET "/assets/jquery.js?body=1" for 127.0.0.1 at 2014-08-16 08:29:55 -0600


Started GET "/assets/products.js?body=1" for 127.0.0.1 at 2014-08-16 08:29:55 -0600


Started GET "/assets/application.js?body=1" for 127.0.0.1 at 2014-08-16 08:29:55 -0600


Started GET "/products" for 127.0.0.1 at 2014-08-16 08:29:57 -0600
Processing by ProductsController#index as HTML
  [1m[35mProduct Load (0.3ms)[0m  SELECT "products".* FROM "products"
  Rendered products/index.html.erb within layouts/application (69.5ms)
Completed 200 OK in 77ms (Views: 76.2ms | ActiveRecord: 0.3ms)


Started GET "/assets/products/eggs.jpg" for 127.0.0.1 at 2014-08-16 08:29:57 -0600


Started GET "/assets/products/green_grapes.jpg" for 127.0.0.1 at 2014-08-16 08:29:57 -0600


Started GET "/assets/products/purple_grapes.jpg" for 127.0.0.1 at 2014-08-16 08:29:57 -0600
